# JRE version: OpenJDK Runtime Environment Temurin-19.0.2+7 (19.0.2+7) (build 19.0.2+7)
# Java VM: OpenJDK 64-Bit Server VM Temurin-19.0.2+7 (19.0.2+7, mixed mode, sharing, tiered, compressed oops, compressed class ptrs, g1 gc, windows-amd64)
GC Precious Log:
 CardTable entry size: 512
 Card Set container configuration: InlinePtr #cards 5 size 8 Array Of Cards #cards 12 size 40 Howl #buckets 4 coarsen threshold 1843 Howl Bitmap #cards 512 size 80 coarsen threshold 460 Card regions per heap region 1 cards per card region 2048
 CPUs: 12 total, 12 available
 Memory: 31888M
 Large Page Support: Disabled
 NUMA Support: Disabled
 Compressed Oops: Enabled (32-bit)
 Heap Region Size: 1M
 Heap Min Capacity: 8M
 Heap Initial Capacity: 500M
 Heap Max Capacity: 1G
 Pre-touch: Disabled
 Parallel Workers: 10
 Concurrent Workers: 3
 Concurrent Refinement Workers: 10
 Periodic GC: Disabled
 String Deduplication is enabled
Heap:
 garbage-first heap   total 512000K, used 55908K [0x00000000c0000000, 0x0000000100000000)
  region size 1024K, 1 young (1024K), 1 survivors (1024K)
 Metaspace       used 13164K, committed 13632K, reserved 1114112K
  class space    used 1296K, committed 1472K, reserved 1048576K
GC Heap History (9 events):
Event: 4.371 GC heap before
{Heap before GC invocations=0 (full 0):
 garbage-first heap   total 512000K, used 25600K [0x00000000c0000000, 0x0000000100000000)
  region size 1024K, 25 young (25600K), 0 survivors (0K)
 Metaspace       used 7124K, committed 7296K, reserved 1114112K
  class space    used 705K, committed 768K, reserved 1048576K
}
Event: 4.372 GC heap after
{Heap after GC invocations=1 (full 0):
 garbage-first heap   total 512000K, used 4000K [0x00000000c0000000, 0x0000000100000000)
  region size 1024K, 4 young (4096K), 4 survivors (4096K)
 Metaspace       used 7124K, committed 7296K, reserved 1114112K
  class space    used 705K, committed 768K, reserved 1048576K
}
Event: 5.633 GC heap before
{Heap before GC invocations=1 (full 0):
 garbage-first heap   total 512000K, used 35744K [0x00000000c0000000, 0x0000000100000000)
  region size 1024K, 36 young (36864K), 4 survivors (4096K)
 Metaspace       used 13139K, committed 13568K, reserved 1114112K
  class space    used 1296K, committed 1472K, reserved 1048576K
}
Event: 5.635 GC heap after
{Heap after GC invocations=2 (full 0):
 garbage-first heap   total 512000K, used 7413K [0x00000000c0000000, 0x0000000100000000)
  region size 1024K, 4 young (4096K), 4 survivors (4096K)
 Metaspace       used 13139K, committed 13568K, reserved 1114112K
  class space    used 1296K, committed 1472K, reserved 1048576K
}
Event: 5.676 GC heap before
{Heap before GC invocations=2 (full 0):
 garbage-first heap   total 512000K, used 255221K [0x00000000c0000000, 0x0000000100000000)
  region size 1024K, 28 young (28672K), 4 survivors (4096K)
 Metaspace       used 13160K, committed 13632K, reserved 1114112K
  class space    used 1296K, committed 1472K, reserved 1048576K
}
Event: 5.677 GC heap after
{Heap after GC invocations=3 (full 0):
 garbage-first heap   total 512000K, used 10333K [0x00000000c0000000, 0x0000000100000000)
  region size 1024K, 5 young (5120K), 5 survivors (5120K)
 Metaspace       used 13160K, committed 13632K, reserved 1114112K
  class space    used 1296K, committed 1472K, reserved 1048576K
}
Event: 5.706 GC heap before
{Heap before GC invocations=3 (full 0):
 garbage-first heap   total 512000K, used 264285K [0x00000000c0000000, 0x0000000100000000)
  region size 1024K, 36 young (36864K), 5 survivors (5120K)
 Metaspace       used 13162K, committed 13632K, reserved 1114112K
  class space    used 1296K, committed 1472K, reserved 1048576K
}
Event: 5.708 GC heap after
{Heap after GC invocations=4 (full 0):
 garbage-first heap   total 512000K, used 16610K [0x00000000c0000000, 0x0000000100000000)
  region size 1024K, 12 young (12288K), 12 survivors (12288K)
 Metaspace       used 13162K, committed 13632K, reserved 1114112K
  class space    used 1296K, committed 1472K, reserved 1048576K
}
Event: 5.725 GC heap before
{Heap before GC invocations=4 (full 0):
 garbage-first heap   total 512000K, used 263394K [0x00000000c0000000, 0x0000000100000000)
  region size 1024K, 36 young (36864K), 12 survivors (12288K)
 Metaspace       used 13164K, committed 13632K, reserved 1114112K
  class space    used 1296K, committed 1472K, reserved 1048576K
}

